2021-05-25 09:52:59,478 - root - INFO - ** Kedro project kedro_tutorial
2021-05-25 09:53:02,451 - kedro.io.data_catalog - INFO - Loading data from `companies` (CSVDataSet)...
2021-05-25 09:53:02,559 - kedro.pipeline.node - INFO - Running node: preprocess_companies_node: preprocess_companies([companies]) -> [preprocessed_companies]
2021-05-25 09:53:02,652 - kedro.io.data_catalog - INFO - Saving data to `preprocessed_companies` (CSVDataSet)...
2021-05-25 09:53:03,263 - kedro.runner.sequential_runner - INFO - Completed 1 out of 6 tasks
2021-05-25 09:53:03,263 - kedro.io.data_catalog - INFO - Loading data from `shuttles` (ExcelDataSet)...
2021-05-25 09:53:28,210 - kedro.pipeline.node - INFO - Running node: preprocess_shuttles_node: preprocess_shuttles([shuttles]) -> [preprocessed_shuttles]
2021-05-25 09:53:28,351 - kedro.io.data_catalog - INFO - Saving data to `preprocessed_shuttles` (CSVDataSet)...
2021-05-25 09:53:28,867 - kedro.runner.sequential_runner - INFO - Completed 2 out of 6 tasks
2021-05-25 09:53:28,867 - kedro.io.data_catalog - INFO - Loading data from `preprocessed_shuttles` (CSVDataSet)...
2021-05-25 09:53:29,090 - kedro.io.data_catalog - INFO - Loading data from `preprocessed_companies` (CSVDataSet)...
2021-05-25 09:53:29,172 - kedro.io.data_catalog - INFO - Loading data from `reviews` (CSVDataSet)...
2021-05-25 09:53:29,686 - kedro.pipeline.node - INFO - Running node: create_master_table_node: create_master_table([preprocessed_companies,preprocessed_shuttles,reviews]) -> [master_table]
2021-05-25 09:53:50,468 - kedro.io.data_catalog - INFO - Saving data to `master_table` (CSVDataSet)...
2021-05-25 09:54:10,955 - kedro.runner.sequential_runner - INFO - Completed 3 out of 6 tasks
2021-05-25 09:54:10,955 - kedro.io.data_catalog - INFO - Loading data from `master_table` (CSVDataSet)...
2021-05-25 09:54:16,189 - kedro.io.data_catalog - INFO - Loading data from `parameters` (MemoryDataSet)...
2021-05-25 09:54:16,190 - kedro.pipeline.node - INFO - Running node: split_data_node: split_data([master_table,parameters]) -> [X_test,X_train,y_test,y_train]
2021-05-25 09:54:17,013 - kedro.io.data_catalog - INFO - Saving data to `X_train` (MemoryDataSet)...
2021-05-25 09:54:17,019 - kedro.io.data_catalog - INFO - Saving data to `X_test` (MemoryDataSet)...
2021-05-25 09:54:17,021 - kedro.io.data_catalog - INFO - Saving data to `y_train` (MemoryDataSet)...
2021-05-25 09:54:17,023 - kedro.io.data_catalog - INFO - Saving data to `y_test` (MemoryDataSet)...
2021-05-25 09:54:17,039 - kedro.runner.sequential_runner - INFO - Completed 4 out of 6 tasks
2021-05-25 09:54:17,039 - kedro.io.data_catalog - INFO - Loading data from `X_train` (MemoryDataSet)...
2021-05-25 09:54:17,045 - kedro.io.data_catalog - INFO - Loading data from `y_train` (MemoryDataSet)...
2021-05-25 09:54:17,047 - kedro.pipeline.node - INFO - Running node: train_model_node: train_model([X_train,y_train]) -> [regressor]
2021-05-25 09:54:18,731 - kedro.io.data_catalog - INFO - Saving data to `regressor` (PickleDataSet)...
2021-05-25 09:54:18,846 - kedro.runner.sequential_runner - INFO - Completed 5 out of 6 tasks
2021-05-25 09:54:18,846 - kedro.io.data_catalog - INFO - Loading data from `regressor` (PickleDataSet)...
2021-05-25 09:54:18,847 - kedro.io.data_catalog - INFO - Loading data from `X_test` (MemoryDataSet)...
2021-05-25 09:54:18,853 - kedro.io.data_catalog - INFO - Loading data from `y_test` (MemoryDataSet)...
2021-05-25 09:54:18,854 - kedro.pipeline.node - INFO - Running node: evaluate_model_node: evaluate_model([X_test,regressor,y_test]) -> None
2021-05-25 09:54:19,221 - kedro_tutorial.pipelines.data_science.nodes - INFO - Model has a coefficient R^2 of 0.462 on test data.
2021-05-25 09:54:19,270 - kedro.runner.sequential_runner - INFO - Completed 6 out of 6 tasks
2021-05-25 09:54:19,284 - kedro.runner.sequential_runner - INFO - Pipeline execution completed successfully.
2021-05-25 09:54:19,285 - kedro.framework.session.store - INFO - `save()` not implemented for `BaseSessionStore`. Skipping the step.
